"GET / HTTP/1.1" 200 16286
"GET /static/admin/css/fonts.css HTTP/1.1" 304 0
"GET /static/admin/fonts/Roboto-Regular-webfont.woff HTTP/1.1" 304 0
"GET /static/admin/fonts/Roboto-Light-webfont.woff HTTP/1.1" 304 0
"GET /static/admin/fonts/Roboto-Bold-webfont.woff HTTP/1.1" 304 0
Not Found: /admin/login/
"GET /admin/login/?next=/admin/ HTTP/1.1" 404 1993
"GET /xadmin/ HTTP/1.1" 302 0
"GET /xadmin/login/?next=/xadmin/ HTTP/1.1" 200 1825
"POST /xadmin/login/?next=/xadmin/ HTTP/1.1" 302 0
"GET /xadmin/ HTTP/1.1" 200 3010
"GET /xadmin/auth/user/add/ HTTP/1.1" 200 5647
"GET /static/admin/css/forms.css HTTP/1.1" 200 8505
"GET /static/admin/js/jquery.init.js HTTP/1.1" 200 363
"GET /static/admin/js/admin/RelatedObjectLookups.js HTTP/1.1" 200 6918
"GET /static/admin/js/core.js HTTP/1.1" 200 7135
"GET /static/admin/js/urlify.js HTTP/1.1" 200 8972
"GET /static/admin/js/actions.js HTTP/1.1" 200 6538
"GET /xadmin/jsi18n/ HTTP/1.1" 200 7684
"GET /static/admin/js/prepopulate.js HTTP/1.1" 200 1530
"GET /static/admin/js/change_form.js HTTP/1.1" 200 712
"GET /static/admin/js/vendor/xregexp/xregexp.js HTTP/1.1" 200 128820
"GET /static/admin/js/prepopulate_init.js HTTP/1.1" 200 495
"GET /static/admin/js/vendor/jquery/jquery.js HTTP/1.1" 200 271751
"GET /static/admin/css/widgets.css HTTP/1.1" 200 10340
"GET /xadmin/ HTTP/1.1" 200 3010
"GET / HTTP/1.1" 200 16286
"GET /static/admin/css/fonts.css HTTP/1.1" 200 423
"GET /static/admin/fonts/Roboto-Regular-webfont.woff HTTP/1.1" 200 80304
"GET /static/admin/fonts/Roboto-Bold-webfont.woff HTTP/1.1" 200 82564
"GET /static/admin/fonts/Roboto-Light-webfont.woff HTTP/1.1" 200 81348
"GET /xadmin/ HTTP/1.1" 200 3010
"GET /static/admin/css/dashboard.css HTTP/1.1" 200 412
"GET /static/admin/css/base.css HTTP/1.1" 200 16225
"GET /static/admin/css/responsive.css HTTP/1.1" 200 17976
"GET /static/admin/css/fonts.css HTTP/1.1" 200 423
"GET /static/admin/img/icon-addlink.svg HTTP/1.1" 200 331
"GET /static/admin/img/icon-changelink.svg HTTP/1.1" 200 380
"GET /static/admin/fonts/Roboto-Light-webfont.woff HTTP/1.1" 200 81348
"GET /static/admin/fonts/Roboto-Bold-webfont.woff HTTP/1.1" 200 82564
"GET /static/admin/fonts/Roboto-Regular-webfont.woff HTTP/1.1" 200 80304
"GET /xadmin HTTP/1.1" 301 0
"GET /xadmin/ HTTP/1.1" 302 0
"GET /xadmin/login/?next=/xadmin/ HTTP/1.1" 200 1825
"GET /static/admin/css/base.css HTTP/1.1" 200 16225
"GET /static/admin/css/responsive.css HTTP/1.1" 200 17976
"GET /static/admin/css/login.css HTTP/1.1" 200 1203
"POST /xadmin/login/?next=/xadmin/ HTTP/1.1" 302 0
"GET /xadmin/ HTTP/1.1" 200 3010
"GET /static/admin/css/dashboard.css HTTP/1.1" 200 412
"GET /static/admin/img/icon-addlink.svg HTTP/1.1" 200 331
"GET /static/admin/img/icon-changelink.svg HTTP/1.1" 200 380
"GET /xadmin/ HTTP/1.1" 200 9049
"GET /static/xadmin/css/xadmin.main.css HTTP/1.1" 200 8376
"GET /static/xadmin/css/xadmin.plugins.css HTTP/1.1" 200 175
"GET /static/xadmin/css/xadmin.responsive.css HTTP/1.1" 200 4361
"GET /static/xadmin/css/xadmin.page.dashboard.css HTTP/1.1" 200 790
"GET /static/xadmin/vendor/font-awesome/css/font-awesome.css HTTP/1.1" 200 21658
"GET /static/xadmin/css/themes/bootstrap-xadmin.css HTTP/1.1" 200 1888
"GET /static/xadmin/vendor/bootstrap/css/bootstrap.css HTTP/1.1" 200 126432
"GET /static/xadmin/vendor/jquery-ui/jquery.ui.core.js HTTP/1.1" 200 8195
"GET /static/xadmin/vendor/jquery/jquery.js HTTP/1.1" 200 240196
"GET /static/xadmin/vendor/jquery-ui/jquery.ui.widget.js HTTP/1.1" 200 15069
"GET /static/xadmin/vendor/jquery-ui/jquery.ui.mouse.js HTTP/1.1" 200 4561
"GET /static/xadmin/js/xadmin.main.js HTTP/1.1" 200 3401
"GET /static/xadmin/vendor/jquery-ui/jquery.ui.sortable.js HTTP/1.1" 200 42543
"GET /static/xadmin/js/xadmin.plugin.portal.js HTTP/1.1" 200 1000
"GET /static/xadmin/js/xadmin.responsive.js HTTP/1.1" 200 4165
"GET /static/xadmin/vendor/bootstrap/js/bootstrap.js HTTP/1.1" 200 58327
"GET /static/xadmin/js/xadmin.page.dashboard.js HTTP/1.1" 200 3208
"GET /xadmin/jsi18n/ HTTP/1.1" 200 7684
"GET /static/xadmin/vendor/font-awesome/fonts/fontawesome-webfont.woff?v=4.0.3 HTTP/1.1" 200 44432
"GET /xadmin/logout/ HTTP/1.1" 200 2659
"GET /xadmin/jsi18n/ HTTP/1.1" 200 4158
"GET /xadmin/ HTTP/1.1" 200 4151
"GET /xadmin/jsi18n/ HTTP/1.1" 200 4158
"GET /xadmin/xadmin/password_reset/ HTTP/1.1" 200 3240
"GET /xadmin/jsi18n/ HTTP/1.1" 200 4158
"GET /xadmin/ HTTP/1.1" 200 4151
"POST /xadmin/ HTTP/1.1" 302 0
"GET /xadmin/ HTTP/1.1" 200 9049
"GET /xadmin/jsi18n/ HTTP/1.1" 200 7684
"GET /xadmin/ HTTP/1.1" 200 9049
"GET /xadmin/ HTTP/1.1" 200 9049
"GET /xadmin/jsi18n/ HTTP/1.1" 200 7684
Internal Server Error: /xadmin/xadmin/userwidget/add/
Traceback (most recent call last):
  File "/home/wyx/.virtualenvs/xiangmu/lib/python3.6/site-packages/django/core/handlers/exception.py", line 34, in inner
    response = get_response(request)
  File "/home/wyx/.virtualenvs/xiangmu/lib/python3.6/site-packages/django/core/handlers/base.py", line 156, in _get_response
    response = self.process_exception_by_middleware(e, request)
  File "/home/wyx/.virtualenvs/xiangmu/lib/python3.6/site-packages/django/core/handlers/base.py", line 154, in _get_response
    response = response.render()
  File "/home/wyx/.virtualenvs/xiangmu/lib/python3.6/site-packages/django/template/response.py", line 106, in render
    self.content = self.rendered_content
  File "/home/wyx/.virtualenvs/xiangmu/lib/python3.6/site-packages/django/template/response.py", line 83, in rendered_content
    content = template.render(context, self._request)
  File "/home/wyx/.virtualenvs/xiangmu/lib/python3.6/site-packages/django/template/backends/django.py", line 61, in render
    return self.template.render(context)
  File "/home/wyx/.virtualenvs/xiangmu/lib/python3.6/site-packages/django/template/base.py", line 171, in render
    return self._render(context)
  File "/home/wyx/.virtualenvs/xiangmu/lib/python3.6/site-packages/django/template/base.py", line 163, in _render
    return self.nodelist.render(context)
  File "/home/wyx/.virtualenvs/xiangmu/lib/python3.6/site-packages/django/template/base.py", line 937, in render
    bit = node.render_annotated(context)
  File "/home/wyx/.virtualenvs/xiangmu/lib/python3.6/site-packages/django/template/base.py", line 904, in render_annotated
    return self.render(context)
  File "/home/wyx/.virtualenvs/xiangmu/lib/python3.6/site-packages/django/template/loader_tags.py", line 150, in render
    return compiled_parent._render(context)
  File "/home/wyx/.virtualenvs/xiangmu/lib/python3.6/site-packages/django/template/base.py", line 163, in _render
    return self.nodelist.render(context)
  File "/home/wyx/.virtualenvs/xiangmu/lib/python3.6/site-packages/django/template/base.py", line 937, in render
    bit = node.render_annotated(context)
  File "/home/wyx/.virtualenvs/xiangmu/lib/python3.6/site-packages/django/template/base.py", line 904, in render_annotated
    return self.render(context)
  File "/home/wyx/.virtualenvs/xiangmu/lib/python3.6/site-packages/django/template/loader_tags.py", line 150, in render
    return compiled_parent._render(context)
  File "/home/wyx/.virtualenvs/xiangmu/lib/python3.6/site-packages/django/template/base.py", line 163, in _render
    return self.nodelist.render(context)
  File "/home/wyx/.virtualenvs/xiangmu/lib/python3.6/site-packages/django/template/base.py", line 937, in render
    bit = node.render_annotated(context)
  File "/home/wyx/.virtualenvs/xiangmu/lib/python3.6/site-packages/django/template/base.py", line 904, in render_annotated
    return self.render(context)
  File "/home/wyx/.virtualenvs/xiangmu/lib/python3.6/site-packages/django/template/loader_tags.py", line 62, in render
    result = block.nodelist.render(context)
  File "/home/wyx/.virtualenvs/xiangmu/lib/python3.6/site-packages/django/template/base.py", line 937, in render
    bit = node.render_annotated(context)
  File "/home/wyx/.virtualenvs/xiangmu/lib/python3.6/site-packages/django/template/base.py", line 904, in render_annotated
    return self.render(context)
  File "/home/wyx/.virtualenvs/xiangmu/lib/python3.6/site-packages/django/template/loader_tags.py", line 62, in render
    result = block.nodelist.render(context)
  File "/home/wyx/.virtualenvs/xiangmu/lib/python3.6/site-packages/django/template/base.py", line 937, in render
    bit = node.render_annotated(context)
  File "/home/wyx/.virtualenvs/xiangmu/lib/python3.6/site-packages/django/template/base.py", line 904, in render_annotated
    return self.render(context)
  File "/home/wyx/.virtualenvs/xiangmu/lib/python3.6/site-packages/crispy_forms/templatetags/crispy_forms_tags.py", line 203, in render
    c = self.get_render(context).flatten()
  File "/home/wyx/.virtualenvs/xiangmu/lib/python3.6/site-packages/crispy_forms/templatetags/crispy_forms_tags.py", line 120, in get_render
    actual_form, node_context, template_pack=self.template_pack
  File "/home/wyx/.virtualenvs/xiangmu/lib/python3.6/site-packages/crispy_forms/helper.py", line 301, in render_layout
    html = self.layout.render(form, self.form_style, context, template_pack=template_pack)
  File "/home/wyx/.virtualenvs/xiangmu/lib/python3.6/site-packages/crispy_forms/layout.py", line 135, in render
    return self.get_rendered_fields(form, form_style, context, template_pack, **kwargs)
  File "/home/wyx/.virtualenvs/xiangmu/lib/python3.6/site-packages/crispy_forms/layout.py", line 98, in get_rendered_fields
    for field in self.fields
  File "/home/wyx/.virtualenvs/xiangmu/lib/python3.6/site-packages/crispy_forms/layout.py", line 98, in <genexpr>
    for field in self.fields
  File "/home/wyx/.virtualenvs/xiangmu/lib/python3.6/site-packages/crispy_forms/utils.py", line 66, in render_field
    return field.render(form, form_style, context, template_pack=template_pack)
  File "/home/wyx/.virtualenvs/xiangmu/lib/python3.6/site-packages/crispy_forms/layout.py", line 367, in render
    fields = self.get_rendered_fields(form, form_style, context, template_pack, **kwargs)
  File "/home/wyx/.virtualenvs/xiangmu/lib/python3.6/site-packages/crispy_forms/layout.py", line 98, in get_rendered_fields
    for field in self.fields
  File "/home/wyx/.virtualenvs/xiangmu/lib/python3.6/site-packages/crispy_forms/layout.py", line 98, in <genexpr>
    for field in self.fields
  File "/home/wyx/.virtualenvs/xiangmu/lib/python3.6/site-packages/crispy_forms/utils.py", line 66, in render_field
    return field.render(form, form_style, context, template_pack=template_pack)
  File "/home/wyx/.virtualenvs/xiangmu/lib/python3.6/site-packages/crispy_forms/layout.py", line 367, in render
    fields = self.get_rendered_fields(form, form_style, context, template_pack, **kwargs)
  File "/home/wyx/.virtualenvs/xiangmu/lib/python3.6/site-packages/crispy_forms/layout.py", line 98, in get_rendered_fields
    for field in self.fields
  File "/home/wyx/.virtualenvs/xiangmu/lib/python3.6/site-packages/crispy_forms/layout.py", line 98, in <genexpr>
    for field in self.fields
  File "/home/wyx/.virtualenvs/xiangmu/lib/python3.6/site-packages/crispy_forms/utils.py", line 66, in render_field
    return field.render(form, form_style, context, template_pack=template_pack)
  File "/home/wyx/.virtualenvs/xiangmu/lib/python3.6/site-packages/crispy_forms/layout.py", line 289, in render
    fields = self.get_rendered_fields(form, form_style, context, template_pack, **kwargs)
  File "/home/wyx/.virtualenvs/xiangmu/lib/python3.6/site-packages/crispy_forms/layout.py", line 98, in get_rendered_fields
    for field in self.fields
  File "/home/wyx/.virtualenvs/xiangmu/lib/python3.6/site-packages/crispy_forms/layout.py", line 98, in <genexpr>
    for field in self.fields
  File "/home/wyx/.virtualenvs/xiangmu/lib/python3.6/site-packages/crispy_forms/utils.py", line 139, in render_field
    html = template.render(context)
  File "/home/wyx/.virtualenvs/xiangmu/lib/python3.6/site-packages/django/template/backends/django.py", line 61, in render
    return self.template.render(context)
  File "/home/wyx/.virtualenvs/xiangmu/lib/python3.6/site-packages/django/template/base.py", line 171, in render
    return self._render(context)
  File "/home/wyx/.virtualenvs/xiangmu/lib/python3.6/site-packages/django/template/base.py", line 163, in _render
    return self.nodelist.render(context)
  File "/home/wyx/.virtualenvs/xiangmu/lib/python3.6/site-packages/django/template/base.py", line 937, in render
    bit = node.render_annotated(context)
  File "/home/wyx/.virtualenvs/xiangmu/lib/python3.6/site-packages/django/template/base.py", line 904, in render_annotated
    return self.render(context)
  File "/home/wyx/.virtualenvs/xiangmu/lib/python3.6/site-packages/django/template/defaulttags.py", line 309, in render
    return nodelist.render(context)
  File "/home/wyx/.virtualenvs/xiangmu/lib/python3.6/site-packages/django/template/base.py", line 937, in render
    bit = node.render_annotated(context)
  File "/home/wyx/.virtualenvs/xiangmu/lib/python3.6/site-packages/django/template/base.py", line 904, in render_annotated
    return self.render(context)
  File "/home/wyx/.virtualenvs/xiangmu/lib/python3.6/site-packages/django/template/defaulttags.py", line 309, in render
    return nodelist.render(context)
  File "/home/wyx/.virtualenvs/xiangmu/lib/python3.6/site-packages/django/template/base.py", line 937, in render
    bit = node.render_annotated(context)
  File "/home/wyx/.virtualenvs/xiangmu/lib/python3.6/site-packages/django/template/base.py", line 904, in render_annotated
    return self.render(context)
  File "/home/wyx/.virtualenvs/xiangmu/lib/python3.6/site-packages/django/template/defaulttags.py", line 309, in render
    return nodelist.render(context)
  File "/home/wyx/.virtualenvs/xiangmu/lib/python3.6/site-packages/django/template/base.py", line 937, in render
    bit = node.render_annotated(context)
  File "/home/wyx/.virtualenvs/xiangmu/lib/python3.6/site-packages/django/template/base.py", line 904, in render_annotated
    return self.render(context)
  File "/home/wyx/.virtualenvs/xiangmu/lib/python3.6/site-packages/crispy_forms/templatetags/crispy_forms_field.py", line 155, in render
    return str(field)
  File "/home/wyx/.virtualenvs/xiangmu/lib/python3.6/site-packages/django/utils/html.py", line 397, in <lambda>
    klass.__str__ = lambda self: mark_safe(klass_str(self))
  File "/home/wyx/.virtualenvs/xiangmu/lib/python3.6/site-packages/django/forms/boundfield.py", line 33, in __str__
    return self.as_widget()
  File "/home/wyx/.virtualenvs/xiangmu/lib/python3.6/site-packages/django/forms/boundfield.py", line 93, in as_widget
    renderer=self.form.renderer,
TypeError: render() got an unexpected keyword argument 'renderer'
"GET /xadmin/xadmin/userwidget/add/?user=1&page_id=home&_redirect=/xadmin/ HTTP/1.1" 500 688777
"GET /xadmin/ HTTP/1.1" 200 9049
Internal Server Error: /xadmin/xadmin/userwidget/add/
Traceback (most recent call last):
  File "/home/wyx/.virtualenvs/xiangmu/lib/python3.6/site-packages/django/core/handlers/exception.py", line 34, in inner
    response = get_response(request)
  File "/home/wyx/.virtualenvs/xiangmu/lib/python3.6/site-packages/django/core/handlers/base.py", line 156, in _get_response
    response = self.process_exception_by_middleware(e, request)
  File "/home/wyx/.virtualenvs/xiangmu/lib/python3.6/site-packages/django/core/handlers/base.py", line 154, in _get_response
    response = response.render()
  File "/home/wyx/.virtualenvs/xiangmu/lib/python3.6/site-packages/django/template/response.py", line 106, in render
    self.content = self.rendered_content
  File "/home/wyx/.virtualenvs/xiangmu/lib/python3.6/site-packages/django/template/response.py", line 83, in rendered_content
    content = template.render(context, self._request)
  File "/home/wyx/.virtualenvs/xiangmu/lib/python3.6/site-packages/django/template/backends/django.py", line 61, in render
    return self.template.render(context)
  File "/home/wyx/.virtualenvs/xiangmu/lib/python3.6/site-packages/django/template/base.py", line 171, in render
    return self._render(context)
  File "/home/wyx/.virtualenvs/xiangmu/lib/python3.6/site-packages/django/template/base.py", line 163, in _render
    return self.nodelist.render(context)
  File "/home/wyx/.virtualenvs/xiangmu/lib/python3.6/site-packages/django/template/base.py", line 937, in render
    bit = node.render_annotated(context)
  File "/home/wyx/.virtualenvs/xiangmu/lib/python3.6/site-packages/django/template/base.py", line 904, in render_annotated
    return self.render(context)
  File "/home/wyx/.virtualenvs/xiangmu/lib/python3.6/site-packages/django/template/loader_tags.py", line 150, in render
    return compiled_parent._render(context)
  File "/home/wyx/.virtualenvs/xiangmu/lib/python3.6/site-packages/django/template/base.py", line 163, in _render
    return self.nodelist.render(context)
  File "/home/wyx/.virtualenvs/xiangmu/lib/python3.6/site-packages/django/template/base.py", line 937, in render
    bit = node.render_annotated(context)
  File "/home/wyx/.virtualenvs/xiangmu/lib/python3.6/site-packages/django/template/base.py", line 904, in render_annotated
    return self.render(context)
  File "/home/wyx/.virtualenvs/xiangmu/lib/python3.6/site-packages/django/template/loader_tags.py", line 150, in render
    return compiled_parent._render(context)
  File "/home/wyx/.virtualenvs/xiangmu/lib/python3.6/site-packages/django/template/base.py", line 163, in _render
    return self.nodelist.render(context)
  File "/home/wyx/.virtualenvs/xiangmu/lib/python3.6/site-packages/django/template/base.py", line 937, in render
    bit = node.render_annotated(context)
  File "/home/wyx/.virtualenvs/xiangmu/lib/python3.6/site-packages/django/template/base.py", line 904, in render_annotated
    return self.render(context)
  File "/home/wyx/.virtualenvs/xiangmu/lib/python3.6/site-packages/django/template/loader_tags.py", line 62, in render
    result = block.nodelist.render(context)
  File "/home/wyx/.virtualenvs/xiangmu/lib/python3.6/site-packages/django/template/base.py", line 937, in render
    bit = node.render_annotated(context)
  File "/home/wyx/.virtualenvs/xiangmu/lib/python3.6/site-packages/django/template/base.py", line 904, in render_annotated
    return self.render(context)
  File "/home/wyx/.virtualenvs/xiangmu/lib/python3.6/site-packages/django/template/loader_tags.py", line 62, in render
    result = block.nodelist.render(context)
  File "/home/wyx/.virtualenvs/xiangmu/lib/python3.6/site-packages/django/template/base.py", line 937, in render
    bit = node.render_annotated(context)
  File "/home/wyx/.virtualenvs/xiangmu/lib/python3.6/site-packages/django/template/base.py", line 904, in render_annotated
    return self.render(context)
  File "/home/wyx/.virtualenvs/xiangmu/lib/python3.6/site-packages/crispy_forms/templatetags/crispy_forms_tags.py", line 203, in render
    c = self.get_render(context).flatten()
  File "/home/wyx/.virtualenvs/xiangmu/lib/python3.6/site-packages/crispy_forms/templatetags/crispy_forms_tags.py", line 120, in get_render
    actual_form, node_context, template_pack=self.template_pack
  File "/home/wyx/.virtualenvs/xiangmu/lib/python3.6/site-packages/crispy_forms/helper.py", line 301, in render_layout
    html = self.layout.render(form, self.form_style, context, template_pack=template_pack)
  File "/home/wyx/.virtualenvs/xiangmu/lib/python3.6/site-packages/crispy_forms/layout.py", line 135, in render
    return self.get_rendered_fields(form, form_style, context, template_pack, **kwargs)
  File "/home/wyx/.virtualenvs/xiangmu/lib/python3.6/site-packages/crispy_forms/layout.py", line 98, in get_rendered_fields
    for field in self.fields
  File "/home/wyx/.virtualenvs/xiangmu/lib/python3.6/site-packages/crispy_forms/layout.py", line 98, in <genexpr>
    for field in self.fields
  File "/home/wyx/.virtualenvs/xiangmu/lib/python3.6/site-packages/crispy_forms/utils.py", line 66, in render_field
    return field.render(form, form_style, context, template_pack=template_pack)
  File "/home/wyx/.virtualenvs/xiangmu/lib/python3.6/site-packages/crispy_forms/layout.py", line 367, in render
    fields = self.get_rendered_fields(form, form_style, context, template_pack, **kwargs)
  File "/home/wyx/.virtualenvs/xiangmu/lib/python3.6/site-packages/crispy_forms/layout.py", line 98, in get_rendered_fields
    for field in self.fields
  File "/home/wyx/.virtualenvs/xiangmu/lib/python3.6/site-packages/crispy_forms/layout.py", line 98, in <genexpr>
    for field in self.fields
  File "/home/wyx/.virtualenvs/xiangmu/lib/python3.6/site-packages/crispy_forms/utils.py", line 66, in render_field
    return field.render(form, form_style, context, template_pack=template_pack)
  File "/home/wyx/.virtualenvs/xiangmu/lib/python3.6/site-packages/crispy_forms/layout.py", line 367, in render
    fields = self.get_rendered_fields(form, form_style, context, template_pack, **kwargs)
  File "/home/wyx/.virtualenvs/xiangmu/lib/python3.6/site-packages/crispy_forms/layout.py", line 98, in get_rendered_fields
    for field in self.fields
  File "/home/wyx/.virtualenvs/xiangmu/lib/python3.6/site-packages/crispy_forms/layout.py", line 98, in <genexpr>
    for field in self.fields
  File "/home/wyx/.virtualenvs/xiangmu/lib/python3.6/site-packages/crispy_forms/utils.py", line 66, in render_field
    return field.render(form, form_style, context, template_pack=template_pack)
  File "/home/wyx/.virtualenvs/xiangmu/lib/python3.6/site-packages/crispy_forms/layout.py", line 289, in render
    fields = self.get_rendered_fields(form, form_style, context, template_pack, **kwargs)
  File "/home/wyx/.virtualenvs/xiangmu/lib/python3.6/site-packages/crispy_forms/layout.py", line 98, in get_rendered_fields
    for field in self.fields
  File "/home/wyx/.virtualenvs/xiangmu/lib/python3.6/site-packages/crispy_forms/layout.py", line 98, in <genexpr>
    for field in self.fields
  File "/home/wyx/.virtualenvs/xiangmu/lib/python3.6/site-packages/crispy_forms/utils.py", line 139, in render_field
    html = template.render(context)
  File "/home/wyx/.virtualenvs/xiangmu/lib/python3.6/site-packages/django/template/backends/django.py", line 61, in render
    return self.template.render(context)
  File "/home/wyx/.virtualenvs/xiangmu/lib/python3.6/site-packages/django/template/base.py", line 171, in render
    return self._render(context)
  File "/home/wyx/.virtualenvs/xiangmu/lib/python3.6/site-packages/django/template/base.py", line 163, in _render
    return self.nodelist.render(context)
  File "/home/wyx/.virtualenvs/xiangmu/lib/python3.6/site-packages/django/template/base.py", line 937, in render
    bit = node.render_annotated(context)
  File "/home/wyx/.virtualenvs/xiangmu/lib/python3.6/site-packages/django/template/base.py", line 904, in render_annotated
    return self.render(context)
  File "/home/wyx/.virtualenvs/xiangmu/lib/python3.6/site-packages/django/template/defaulttags.py", line 309, in render
    return nodelist.render(context)
  File "/home/wyx/.virtualenvs/xiangmu/lib/python3.6/site-packages/django/template/base.py", line 937, in render
    bit = node.render_annotated(context)
  File "/home/wyx/.virtualenvs/xiangmu/lib/python3.6/site-packages/django/template/base.py", line 904, in render_annotated
    return self.render(context)
  File "/home/wyx/.virtualenvs/xiangmu/lib/python3.6/site-packages/django/template/defaulttags.py", line 309, in render
    return nodelist.render(context)
  File "/home/wyx/.virtualenvs/xiangmu/lib/python3.6/site-packages/django/template/base.py", line 937, in render
    bit = node.render_annotated(context)
  File "/home/wyx/.virtualenvs/xiangmu/lib/python3.6/site-packages/django/template/base.py", line 904, in render_annotated
    return self.render(context)
  File "/home/wyx/.virtualenvs/xiangmu/lib/python3.6/site-packages/django/template/defaulttags.py", line 309, in render
    return nodelist.render(context)
  File "/home/wyx/.virtualenvs/xiangmu/lib/python3.6/site-packages/django/template/base.py", line 937, in render
    bit = node.render_annotated(context)
  File "/home/wyx/.virtualenvs/xiangmu/lib/python3.6/site-packages/django/template/base.py", line 904, in render_annotated
    return self.render(context)
  File "/home/wyx/.virtualenvs/xiangmu/lib/python3.6/site-packages/crispy_forms/templatetags/crispy_forms_field.py", line 155, in render
    return str(field)
  File "/home/wyx/.virtualenvs/xiangmu/lib/python3.6/site-packages/django/utils/html.py", line 397, in <lambda>
    klass.__str__ = lambda self: mark_safe(klass_str(self))
  File "/home/wyx/.virtualenvs/xiangmu/lib/python3.6/site-packages/django/forms/boundfield.py", line 33, in __str__
    return self.as_widget()
  File "/home/wyx/.virtualenvs/xiangmu/lib/python3.6/site-packages/django/forms/boundfield.py", line 93, in as_widget
    renderer=self.form.renderer,
TypeError: render() got an unexpected keyword argument 'renderer'
"GET /xadmin/xadmin/userwidget/add/?user=1&page_id=home&_redirect=/xadmin/ HTTP/1.1" 500 688777
"GET /xadmin/ HTTP/1.1" 200 9049
"GET /xadmin/xadmin/log/ HTTP/1.1" 200 24786
"GET /static/xadmin/css/xadmin.form.css HTTP/1.1" 200 3763
"GET /static/xadmin/js/xadmin.plugin.details.js HTTP/1.1" 200 2319
"GET /static/xadmin/js/xadmin.plugin.bookmark.js HTTP/1.1" 200 529
"GET /static/xadmin/vendor/select2/select2.css HTTP/1.1" 200 19226
"GET /static/xadmin/vendor/selectize/selectize.css HTTP/1.1" 200 8425
"GET /static/xadmin/vendor/selectize/selectize.bootstrap3.css HTTP/1.1" 200 10602
"GET /static/xadmin/vendor/bootstrap-datepicker/css/datepicker.css HTTP/1.1" 200 10225
"GET /static/xadmin/vendor/bootstrap-datepicker/js/bootstrap-datepicker.js HTTP/1.1" 200 32656
"GET /static/xadmin/js/xadmin.widget.datetime.js HTTP/1.1" 200 2979
"GET /static/xadmin/vendor/select2/select2_locale_zh-hans.js HTTP/1.1" 200 694
"GET /static/xadmin/js/xadmin.widget.select.js HTTP/1.1" 200 1344
"GET /static/xadmin/vendor/select2/select2.js HTTP/1.1" 200 104906
"GET /static/xadmin/js/xadmin.plugin.filters.js HTTP/1.1" 200 1990
"GET /static/xadmin/vendor/selectize/selectize.js HTTP/1.1" 200 98602
"GET /static/xadmin/js/xadmin.page.form.js HTTP/1.1" 200 1948
"GET /static/xadmin/js/xadmin.page.list.js HTTP/1.1" 200 1105
"GET /xadmin/jsi18n/ HTTP/1.1" 200 7684
Not Found: /
"GET / HTTP/1.1" 404 1926
Not Found: /
"GET / HTTP/1.1" 404 1926
Not Found: /
"GET / HTTP/1.1" 404 1926
Not Found: /
"GET / HTTP/1.1" 404 1926
Not Found: /
"GET / HTTP/1.1" 404 1926
Not Found: /
"GET / HTTP/1.1" 404 1926
Not Found: /
"GET / HTTP/1.1" 404 1926
Not Found: /
"GET / HTTP/1.1" 404 1926
Not Found: /
"GET / HTTP/1.1" 404 1926
Not Found: /
"GET / HTTP/1.1" 404 1926
"GET /xadmin/ HTTP/1.1" 200 9049
"GET /xadmin/logout/ HTTP/1.1" 200 2659
"GET /xadmin/ HTTP/1.1" 200 4151
Not Found: /
"GET / HTTP/1.1" 404 1926
